\BOOKMARK [0][-]{section*.1}{}{}% 1
\BOOKMARK [0][-]{section*.2}{}{}% 2
\BOOKMARK [0][-]{chapter*.3}{\376\377\000I\000N\000T\000R\000O\000D\000U\000C\000T\000I\000O\000N}{}% 3
\BOOKMARK [1][-]{section*.4}{\376\377\000O\000b\000j\000e\000c\000t\000i\000f\000s\000\040\000d\000u\000\040\000p\000r\000o\000j\000e\000t}{chapter*.3}% 4
\BOOKMARK [1][-]{section*.4}{\376\377\000P\000o\000r\000t\000\351\000e\000\040\000d\000u\000\040\000d\000o\000c\000u\000m\000e\000n\000t}{chapter*.3}% 5
\BOOKMARK [0][-]{chapter.1}{\376\377\000E\000T\000U\000D\000E\000\040\000P\000R\000E\000A\000L\000A\000B\000L\000E}{}% 6
\BOOKMARK [1][-]{section.1.1}{\376\377\000I\000n\000t\000r\000o\000d\000u\000c\000t\000i\000o\000n}{chapter.1}% 7
\BOOKMARK [1][-]{section.1.2}{\376\377\000P\000r\000o\000b\000l\000\351\000m\000a\000t\000i\000q\000u\000e\000s}{chapter.1}% 8
\BOOKMARK [2][-]{subsection.1.2.1}{\376\377\000L\000i\000m\000i\000t\000e\000s\000\040\000d\000e\000\040\000l\000a\000\040\000s\000a\000i\000s\000i\000e\000\040\000m\000a\000n\000u\000e\000l\000l\000e}{section.1.2}% 9
\BOOKMARK [2][-]{subsection.1.2.2}{\376\377\000A\000c\000c\000e\000s\000s\000i\000b\000i\000l\000i\000t\000\351\000\040\000r\000\351\000d\000u\000i\000t\000e}{section.1.2}% 10
\BOOKMARK [2][-]{subsection.1.2.3}{\376\377\000C\000o\000m\000p\000l\000e\000x\000i\000t\000\351\000\040\000d\000e\000\040\000s\000t\000r\000u\000c\000t\000u\000r\000a\000t\000i\000o\000n}{section.1.2}% 11
\BOOKMARK [1][-]{section.1.3}{\376\377\000S\000o\000l\000u\000t\000i\000o\000n\000\040\000e\000t\000\040\000o\000b\000j\000e\000c\000t\000i\000f}{chapter.1}% 12
\BOOKMARK [2][-]{subsection.1.3.1}{\376\377\000C\000o\000n\000c\000e\000p\000t\000\040\000d\000e\000\040\000V\000o\000i\000c\000e\000N\000o\000t\000i\000o\000n}{section.1.3}% 13
\BOOKMARK [2][-]{subsection.1.3.2}{\376\377\000O\000b\000j\000e\000c\000t\000i\000f\000s\000\040\000d\000u\000\040\000p\000r\000o\000j\000e\000t}{section.1.3}% 14
\BOOKMARK [1][-]{section.1.4}{\376\377\000A\000v\000a\000n\000t\000a\000g\000e\000s\000\040\000d\000u\000\040\000p\000r\000o\000j\000e\000t}{chapter.1}% 15
\BOOKMARK [2][-]{subsection.1.4.1}{\376\377\000E\000f\000f\000i\000c\000a\000c\000i\000t\000\351\000\040\000a\000c\000c\000r\000u\000e}{section.1.4}% 16
\BOOKMARK [2][-]{subsection.1.4.2}{\376\377\000A\000c\000c\000e\000s\000s\000i\000b\000i\000l\000i\000t\000\351\000\040\000a\000m\000\351\000l\000i\000o\000r\000\351\000e}{section.1.4}% 17
\BOOKMARK [2][-]{subsection.1.4.3}{\376\377\000F\000l\000e\000x\000i\000b\000i\000l\000i\000t\000\351\000\040\000e\000t\000\040\000p\000u\000i\000s\000s\000a\000n\000c\000e}{section.1.4}% 18
\BOOKMARK [1][-]{section.1.5}{\376\377\000C\000o\000n\000c\000l\000u\000s\000i\000o\000n}{chapter.1}% 19
\BOOKMARK [0][-]{chapter.2}{\376\377\000P\000L\000A\000N\000I\000F\000I\000C\000A\000T\000I\000O\000N\000\040\000E\000T\000\040\000C\000O\000N\000C\000E\000P\000T\000I\000O\000N\000\040\000U\000X}{}% 20
\BOOKMARK [1][-]{section.2.1}{\376\377\000I\000n\000t\000r\000o\000d\000u\000c\000t\000i\000o\000n}{chapter.2}% 21
\BOOKMARK [1][-]{section.2.2}{\376\377\000P\000l\000a\000n\000i\000f\000i\000c\000a\000t\000i\000o\000n\000\040\000d\000u\000\040\000p\000r\000o\000j\000e\000t}{chapter.2}% 22
\BOOKMARK [2][-]{subsection.2.2.1}{\376\377\000M\000\351\000t\000h\000o\000d\000o\000l\000o\000g\000i\000e\000\040\000d\000e\000\040\000p\000l\000a\000n\000i\000f\000i\000c\000a\000t\000i\000o\000n}{section.2.2}% 23
\BOOKMARK [3][-]{subsubsection.2.2.1.1}{\376\377\000A\000p\000p\000r\000o\000c\000h\000e\000\040\000A\000g\000i\000l\000e\000\040\000S\000c\000r\000u\000m}{subsection.2.2.1}% 24
\BOOKMARK [3][-]{subsubsection.2.2.1.2}{\376\377\000D\000e\000s\000i\000g\000n\000\040\000T\000h\000i\000n\000k\000i\000n\000g\000\040\000p\000o\000u\000r\000\040\000l\000'\000U\000X}{subsection.2.2.1}% 25
\BOOKMARK [2][-]{subsection.2.2.2}{\376\377\000P\000l\000a\000n\000i\000f\000i\000c\000a\000t\000i\000o\000n}{section.2.2}% 26
\BOOKMARK [3][-]{subsubsection.2.2.2.1}{\376\377\000R\000o\000a\000d\000m\000a\000p\000\040\000d\000u\000\040\000p\000r\000o\000j\000e\000t}{subsection.2.2.2}% 27
\BOOKMARK [3][-]{subsubsection.2.2.2.2}{\376\377\000G\000e\000s\000t\000i\000o\000n\000\040\000d\000e\000s\000\040\000r\000i\000s\000q\000u\000e\000s}{subsection.2.2.2}% 28
\BOOKMARK [1][-]{section.2.3}{\376\377\000E\000x\000p\000\351\000r\000i\000e\000n\000c\000e\000\040\000d\000'\000u\000t\000i\000l\000i\000s\000a\000t\000e\000u\000r\000\040\000\050\000U\000X\000\051}{chapter.2}% 29
\BOOKMARK [2][-]{subsection.2.3.1}{\376\377\000R\000e\000c\000h\000e\000r\000c\000h\000e}{section.2.3}% 30
\BOOKMARK [3][-]{subsubsection.2.3.1.1}{\376\377\000M\000\351\000t\000h\000o\000d\000o\000l\000o\000g\000i\000e\000\040\000d\000e\000\040\000r\000e\000c\000h\000e\000r\000c\000h\000e}{subsection.2.3.1}% 31
\BOOKMARK [3][-]{subsubsection.2.3.1.2}{\376\377\000P\000r\000i\000n\000c\000i\000p\000a\000u\000x\000\040\000i\000n\000s\000i\000g\000h\000t\000s}{subsection.2.3.1}% 32
\BOOKMARK [2][-]{subsection.2.3.2}{\376\377\000E\000m\000p\000a\000t\000h\000i\000e}{section.2.3}% 33
\BOOKMARK [3][-]{subsubsection.2.3.2.1}{\376\377\000P\000e\000r\000s\000o\000n\000a\000s\000\040\000u\000t\000i\000l\000i\000s\000a\000t\000e\000u\000r}{subsection.2.3.2}% 34
\BOOKMARK [3][-]{subsubsection.2.3.2.2}{\376\377\000S\000c\000\351\000n\000a\000r\000i\000o\000s\000\040\000d\000'\000u\000t\000i\000l\000i\000s\000a\000t\000i\000o\000n\000s}{subsection.2.3.2}% 35
\BOOKMARK [1][-]{section.2.4}{\376\377\000C\000o\000n\000c\000e\000p\000t\000i\000o\000n\000\040\000d\000u\000\040\000s\000y\000s\000t\000\350\000m\000e\000\040\000d\000'\000i\000n\000f\000o\000r\000m\000a\000t\000i\000o\000n}{chapter.2}% 36
\BOOKMARK [2][-]{subsection.2.4.1}{\376\377\000I\000d\000e\000n\000t\000i\000f\000i\000c\000a\000t\000i\000o\000n\000\040\000d\000e\000s\000\040\000a\000c\000t\000e\000u\000r\000s}{section.2.4}% 37
\BOOKMARK [2][-]{subsection.2.4.2}{\376\377\000D\000i\000a\000g\000r\000a\000m\000m\000e\000\040\000d\000e\000\040\000c\000a\000s\000\040\000d\000'\000u\000t\000i\000l\000i\000s\000a\000t\000i\000o\000n}{section.2.4}% 38
\BOOKMARK [2][-]{subsection.2.4.3}{\376\377\000D\000i\000a\000g\000r\000a\000m\000m\000e\000s\000\040\000d\000e\000\040\000s\000\351\000q\000u\000e\000n\000c\000e}{section.2.4}% 39
\BOOKMARK [3][-]{subsubsection.2.4.3.1}{\376\377\000S\000\351\000q\000u\000e\000n\000c\000e\000\040\000d\000e\000\040\000c\000o\000m\000m\000a\000n\000d\000e\000\040\000v\000o\000c\000a\000l\000e}{subsection.2.4.3}% 40
\BOOKMARK [3][-]{subsubsection.2.4.3.2}{\376\377\000S\000\351\000q\000u\000e\000n\000c\000e\000\040\000d\000e\000\040\000c\000r\000\351\000a\000t\000i\000o\000n\000\040\000e\000t\000\040\000s\000a\000u\000v\000e\000g\000a\000r\000d\000e\000\040\000d\000e\000\040\000n\000o\000t\000e}{subsection.2.4.3}% 41
\BOOKMARK [3][-]{subsubsection.2.4.3.3}{\376\377\000S\000\351\000q\000u\000e\000n\000c\000e\000\040\000d\000'\000a\000u\000t\000h\000e\000n\000t\000i\000f\000i\000c\000a\000t\000i\000o\000n}{subsection.2.4.3}% 42
\BOOKMARK [2][-]{subsection.2.4.4}{\376\377\000D\000i\000a\000g\000r\000a\000m\000m\000e\000s\000\040\000d\000e\000\040\000b\000a\000s\000e\000\040\000d\000e\000\040\000d\000o\000n\000n\000\351\000e\000s}{section.2.4}% 43
\BOOKMARK [3][-]{subsubsection.2.4.4.1}{\376\377\000D\000i\000a\000g\000r\000a\000m\000m\000e\000\040\000e\000n\000t\000i\000t\000\351\000-\000r\000e\000l\000a\000t\000i\000o\000n}{subsection.2.4.4}% 44
\BOOKMARK [3][-]{subsubsection.2.4.4.2}{\376\377\000D\000i\000a\000g\000r\000a\000m\000m\000e\000\040\000d\000e\000\040\000b\000a\000s\000e\000\040\000d\000e\000\040\000d\000o\000n\000n\000\351\000e\000s}{subsection.2.4.4}% 45
\BOOKMARK [1][-]{section.2.5}{\376\377\000C\000o\000n\000c\000l\000u\000s\000i\000o\000n}{chapter.2}% 46
\BOOKMARK [0][-]{chapter.3}{\376\377\000I\000M\000P\000L\000E\000M\000E\000N\000T\000A\000T\000I\000O\000N\000\040\000E\000T\000\040\000D\000E\000V\000E\000L\000O\000P\000P\000E\000M\000E\000N\000T}{}% 47
\BOOKMARK [1][-]{section.3.1}{\376\377\000I\000n\000t\000r\000o\000d\000u\000c\000t\000i\000o\000n}{chapter.3}% 48
\BOOKMARK [1][-]{section.3.2}{\376\377\000A\000r\000c\000h\000i\000t\000e\000c\000t\000u\000r\000e\000\040\000g\000l\000o\000b\000a\000l\000e}{chapter.3}% 49
\BOOKMARK [2][-]{subsection.3.2.1}{\376\377\000C\000o\000m\000p\000o\000s\000a\000n\000t\000s\000\040\000p\000r\000i\000n\000c\000i\000p\000a\000u\000x}{section.3.2}% 50
\BOOKMARK [2][-]{subsection.3.2.2}{\376\377\000F\000l\000u\000x\000\040\000d\000e\000\040\000d\000o\000n\000n\000\351\000e\000s}{section.3.2}% 51
\BOOKMARK [1][-]{section.3.3}{\376\377\000E\000n\000v\000i\000r\000o\000n\000n\000e\000m\000e\000n\000t\000\040\000d\000e\000\040\000d\000e\000v\000e\000l\000o\000p\000p\000e\000m\000e\000n\000t}{chapter.3}% 52
\BOOKMARK [2][-]{subsection.3.3.1}{\376\377\000M\000a\000t\000e\000r\000i\000e\000l\000s}{section.3.3}% 53
\BOOKMARK [2][-]{subsection.3.3.2}{\376\377\000L\000o\000g\000i\000c\000i\000e\000l\000s\000\040\000e\000t\000\040\000o\000u\000t\000i\000l\000s\000\040\000d\000e\000\040\000d\000e\000v\000e\000l\000o\000p\000p\000e\000m\000e\000n\000t}{section.3.3}% 54
\BOOKMARK [3][-]{subsubsection.3.3.2.1}{\376\377\000V\000i\000s\000u\000a\000l\000\040\000S\000t\000u\000d\000i\000o\000\040\000C\000o\000d\000e}{subsection.3.3.2}% 55
\BOOKMARK [3][-]{subsubsection.3.3.2.2}{\376\377\000G\000i\000t\000H\000u\000b}{subsection.3.3.2}% 56
\BOOKMARK [3][-]{subsubsection.3.3.2.3}{\376\377\000T\000y\000p\000e\000S\000c\000r\000i\000p\000t}{subsection.3.3.2}% 57
\BOOKMARK [3][-]{subsubsection.3.3.2.4}{\376\377\000Z\000o\000d}{subsection.3.3.2}% 58
\BOOKMARK [3][-]{subsubsection.3.3.2.5}{\376\377\000T\000e\000s\000t\000s}{subsection.3.3.2}% 59
\BOOKMARK [1][-]{section.3.4}{\376\377\000O\000u\000t\000i\000l\000s\000\040\000d\000e\000\040\000c\000o\000n\000c\000e\000p\000t\000i\000o\000n\000\040\000e\000t\000\040\000d\000e\000s\000i\000g\000n}{chapter.3}% 60
\BOOKMARK [2][-]{subsection.3.4.1}{\376\377\000F\000i\000g\000m\000a}{section.3.4}% 61
\BOOKMARK [2][-]{subsection.3.4.2}{\376\377\000A\000d\000o\000b\000e\000\040\000I\000l\000l\000u\000s\000t\000r\000a\000t\000o\000r}{section.3.4}% 62
\BOOKMARK [2][-]{subsection.3.4.3}{\376\377\000A\000d\000o\000b\000e\000\040\000P\000h\000o\000t\000o\000s\000h\000o\000p}{section.3.4}% 63
\BOOKMARK [1][-]{section.3.5}{\376\377\000B\000a\000c\000k\000e\000n\000d\000\040\000e\000t\000\040\000s\000e\000r\000v\000i\000c\000e\000s\000\040\000c\000l\000o\000u\000d}{chapter.3}% 64
\BOOKMARK [2][-]{subsection.3.5.1}{\376\377\000S\000u\000p\000a\000b\000a\000s\000e}{section.3.5}% 65
\BOOKMARK [2][-]{subsection.3.5.2}{\376\377\000P\000r\000i\000s\000m\000a}{section.3.5}% 66
\BOOKMARK [2][-]{subsection.3.5.3}{\376\377\000H\000e\000b\000e\000r\000g\000e\000m\000e\000n\000t\000\040\000e\000t\000\040\000d\000e\000p\000l\000o\000i\000e\000m\000e\000n\000t}{section.3.5}% 67
\BOOKMARK [3][-]{subsubsection.3.5.3.1}{\376\377\000V\000e\000r\000c\000e\000l}{subsection.3.5.3}% 68
\BOOKMARK [3][-]{subsubsection.3.5.3.2}{\376\377\000E\000x\000p\000o\000\040\000E\000A\000S}{subsection.3.5.3}% 69
\BOOKMARK [1][-]{section.3.6}{\376\377\000S\000i\000t\000e\000\040\000w\000e\000b\000\040\000\050\000F\000r\000o\000n\000t\000-\000e\000n\000d\000\051}{chapter.3}% 70
\BOOKMARK [2][-]{subsection.3.6.1}{\376\377\000T\000e\000c\000h\000n\000o\000l\000o\000g\000i\000e\000s\000\040\000e\000t\000\040\000o\000u\000t\000i\000l\000s\000\040\000u\000t\000i\000l\000i\000s\000e\000s}{section.3.6}% 71
\BOOKMARK [3][-]{subsubsection.3.6.1.1}{\376\377\000R\000e\000a\000c\000t\000.\000j\000s}{subsection.3.6.1}% 72
\BOOKMARK [3][-]{subsubsection.3.6.1.2}{\376\377\000N\000e\000x\000t\000.\000j\000s}{subsection.3.6.1}% 73
\BOOKMARK [3][-]{subsubsection.3.6.1.3}{\376\377\000T\000a\000i\000l\000w\000i\000n\000d\000C\000S\000S}{subsection.3.6.1}% 74
\BOOKMARK [3][-]{subsubsection.3.6.1.4}{\376\377\000B\000l\000o\000c\000k\000N\000o\000t\000e}{subsection.3.6.1}% 75
\BOOKMARK [2][-]{subsection.3.6.2}{\376\377\000I\000n\000t\000e\000r\000f\000a\000c\000e\000s\000\040\000p\000r\000i\000n\000c\000i\000p\000a\000l\000e\000s}{section.3.6}% 76
\BOOKMARK [3][-]{subsubsection.3.6.2.1}{\376\377\000P\000a\000g\000e\000\040\000d\000'\000a\000c\000c\000u\000e\000i\000l}{subsection.3.6.2}% 77
\BOOKMARK [3][-]{subsubsection.3.6.2.2}{\376\377\000A\000u\000t\000h\000e\000n\000t\000i\000f\000i\000c\000a\000t\000i\000o\000n}{subsection.3.6.2}% 78
\BOOKMARK [3][-]{subsubsection.3.6.2.3}{\376\377\000T\000a\000b\000l\000e\000a\000u\000\040\000d\000e\000\040\000b\000o\000r\000d}{subsection.3.6.2}% 79
\BOOKMARK [3][-]{subsubsection.3.6.2.4}{\376\377\000\311\000d\000i\000t\000e\000u\000r\000\040\000d\000e\000\040\000n\000o\000t\000e\000s}{subsection.3.6.2}% 80
\BOOKMARK [1][-]{section.3.7}{\376\377\000A\000p\000p\000l\000i\000c\000a\000t\000i\000o\000n\000\040\000m\000o\000b\000i\000l\000e}{chapter.3}% 81
\BOOKMARK [2][-]{subsection.3.7.1}{\376\377\000T\000e\000c\000h\000n\000o\000l\000o\000g\000i\000e\000s\000\040\000e\000t\000\040\000o\000u\000t\000i\000l\000s\000\040\000u\000t\000i\000l\000i\000s\000e\000s}{section.3.7}% 82
\BOOKMARK [3][-]{subsubsection.3.7.1.1}{\376\377\000R\000e\000a\000c\000t\000\040\000N\000a\000t\000i\000v\000e}{subsection.3.7.1}% 83
\BOOKMARK [3][-]{subsubsection.3.7.1.2}{\376\377\000E\000x\000p\000o}{subsection.3.7.1}% 84
\BOOKMARK [2][-]{subsection.3.7.2}{\376\377\000I\000n\000t\000e\000r\000f\000a\000c\000e\000s\000\040\000p\000r\000i\000n\000c\000i\000p\000a\000l\000e\000s}{section.3.7}% 85
\BOOKMARK [3][-]{subsubsection.3.7.2.1}{\376\377\000A\000u\000t\000h\000e\000n\000t\000i\000f\000i\000c\000a\000t\000i\000o\000n}{subsection.3.7.2}% 86
\BOOKMARK [3][-]{subsubsection.3.7.2.2}{\376\377\000N\000a\000v\000i\000g\000a\000t\000i\000o\000n\000\040\000e\000t\000\040\000r\000e\000c\000h\000e\000r\000c\000h\000e}{subsection.3.7.2}% 87
\BOOKMARK [3][-]{subsubsection.3.7.2.3}{\376\377\000G\000e\000s\000t\000i\000o\000n\000\040\000d\000e\000s\000\040\000n\000o\000t\000e\000s}{subsection.3.7.2}% 88
\BOOKMARK [3][-]{subsubsection.3.7.2.4}{\376\377\000P\000r\000o\000f\000i\000l\000\040\000u\000t\000i\000l\000i\000s\000a\000t\000e\000u\000r}{subsection.3.7.2}% 89
\BOOKMARK [1][-]{section.3.8}{\376\377\000I\000n\000t\000e\000g\000r\000a\000t\000i\000o\000n\000\040\000d\000e\000\040\000l\000a\000\040\000r\000e\000c\000o\000n\000n\000a\000i\000s\000s\000a\000n\000c\000e\000\040\000v\000o\000c\000a\000l\000e}{chapter.3}% 90
\BOOKMARK [2][-]{subsection.3.8.1}{\376\377\000G\000e\000m\000i\000n\000i\000\040\000A\000P\000I}{section.3.8}% 91
\BOOKMARK [2][-]{subsection.3.8.2}{\376\377\000F\000l\000u\000x\000\040\000d\000e\000\040\000t\000r\000a\000i\000t\000e\000m\000e\000n\000t\000\040\000d\000e\000s\000\040\000c\000o\000m\000m\000a\000n\000d\000e\000s\000\040\000v\000o\000c\000a\000l\000e\000s}{section.3.8}% 92
\BOOKMARK [1][-]{section.3.9}{\376\377\000T\000e\000s\000t\000s\000\040\000e\000t\000\040\000a\000s\000s\000u\000r\000a\000n\000c\000e\000\040\000q\000u\000a\000l\000i\000t\000e}{chapter.3}% 93
\BOOKMARK [2][-]{subsection.3.9.1}{\376\377\000S\000t\000r\000a\000t\000e\000g\000i\000e\000\040\000d\000e\000\040\000t\000e\000s\000t}{section.3.9}% 94
\BOOKMARK [2][-]{subsection.3.9.2}{\376\377\000O\000u\000t\000i\000l\000s\000\040\000d\000e\000\040\000t\000e\000s\000t}{section.3.9}% 95
\BOOKMARK [1][-]{section.3.10}{\376\377\000D\000e\000p\000l\000o\000i\000e\000m\000e\000n\000t\000\040\000e\000t\000\040\000i\000n\000t\000e\000g\000r\000a\000t\000i\000o\000n\000\040\000c\000o\000n\000t\000i\000n\000u\000e}{chapter.3}% 96
\BOOKMARK [2][-]{subsection.3.10.1}{\376\377\000P\000i\000p\000e\000l\000i\000n\000e\000\040\000C\000I\000/\000C\000D}{section.3.10}% 97
\BOOKMARK [2][-]{subsection.3.10.2}{\376\377\000E\000n\000v\000i\000r\000o\000n\000n\000e\000m\000e\000n\000t\000s\000\040\000d\000e\000\040\000d\000e\000p\000l\000o\000i\000e\000m\000e\000n\000t}{section.3.10}% 98
\BOOKMARK [2][-]{subsection.3.10.3}{\376\377\000P\000l\000a\000t\000e\000f\000o\000r\000m\000e\000s\000\040\000d\000e\000\040\000d\000e\000p\000l\000o\000i\000e\000m\000e\000n\000t}{section.3.10}% 99
\BOOKMARK [3][-]{subsubsection.3.10.3.1}{\376\377\000D\000i\000g\000i\000t\000a\000l\000\040\000O\000c\000e\000a\000n}{subsection.3.10.3}% 100
\BOOKMARK [3][-]{subsubsection.3.10.3.2}{\376\377\000N\000g\000i\000n\000x}{subsection.3.10.3}% 101
\BOOKMARK [1][-]{section.3.11}{\376\377\000S\000e\000c\000u\000r\000i\000t\000e\000\040\000e\000t\000\040\000p\000r\000o\000t\000e\000c\000t\000i\000o\000n\000\040\000d\000e\000s\000\040\000d\000o\000n\000n\000e\000e\000s}{chapter.3}% 102
\BOOKMARK [2][-]{subsection.3.11.1}{\376\377\000A\000u\000t\000h\000e\000n\000t\000i\000f\000i\000c\000a\000t\000i\000o\000n\000\040\000e\000t\000\040\000a\000u\000t\000o\000r\000i\000s\000a\000t\000i\000o\000n}{section.3.11}% 103
\BOOKMARK [2][-]{subsection.3.11.2}{\376\377\000P\000r\000o\000t\000e\000c\000t\000i\000o\000n\000\040\000d\000e\000s\000\040\000d\000o\000n\000n\000e\000e\000s}{section.3.11}% 104
\BOOKMARK [2][-]{subsection.3.11.3}{\376\377\000C\000o\000n\000f\000o\000r\000m\000i\000t\000e\000\040\000R\000G\000P\000D}{section.3.11}% 105
\BOOKMARK [1][-]{section.3.12}{\376\377\000D\000e\000f\000i\000s\000\040\000t\000e\000c\000h\000n\000i\000q\000u\000e\000s\000\040\000e\000t\000\040\000s\000o\000l\000u\000t\000i\000o\000n\000s}{chapter.3}% 106
\BOOKMARK [2][-]{subsection.3.12.1}{\376\377\000D\000e\000f\000i\000s\000\040\000r\000e\000n\000c\000o\000n\000t\000r\000e\000s}{section.3.12}% 107
\BOOKMARK [2][-]{subsection.3.12.2}{\376\377\000S\000o\000l\000u\000t\000i\000o\000n\000s\000\040\000i\000m\000p\000l\000e\000m\000e\000n\000t\000e\000e\000s}{section.3.12}% 108
\BOOKMARK [1][-]{section.3.13}{\376\377\000C\000o\000n\000c\000l\000u\000s\000i\000o\000n}{chapter.3}% 109
\BOOKMARK [0][-]{chapter.4}{\376\377\000I\000D\000E\000N\000T\000I\000T\000\311\000\040\000V\000I\000S\000U\000E\000L\000L\000E}{}% 110
\BOOKMARK [1][-]{section.4.1}{\376\377\000I\000n\000t\000r\000o\000d\000u\000c\000t\000i\000o\000n}{chapter.4}% 111
\BOOKMARK [1][-]{section.4.2}{\376\377\000I\000n\000s\000t\000a\000n\000t\000a\000n\000\351\000\040\000d\000e\000\040\000l\000'\000I\000d\000e\000n\000t\000i\000t\000\351\000\040\000d\000e\000\040\000M\000a\000r\000q\000u\000e\000\040\000V\000o\000i\000c\000e\000N\000o\000t\000i\000o\000n}{chapter.4}% 112
\BOOKMARK [2][-]{subsection.4.2.1}{\376\377\000E\000s\000s\000e\000n\000c\000e\000\040\000d\000e\000\040\000l\000a\000\040\000M\000a\000r\000q\000u\000e}{section.4.2}% 113
\BOOKMARK [2][-]{subsection.4.2.2}{\376\377\000P\000e\000r\000s\000o\000n\000n\000a\000l\000i\000t\000\351\000\040\000d\000e\000\040\000l\000a\000\040\000M\000a\000r\000q\000u\000e\000\040\000\050\0004\000\040\000T\000r\000a\000i\000t\000s\000\051}{section.4.2}% 114
\BOOKMARK [2][-]{subsection.4.2.3}{\376\377\000P\000i\000l\000i\000e\000r\000s\000\040\000d\000e\000\040\000P\000o\000s\000i\000t\000i\000o\000n\000n\000e\000m\000e\000n\000t}{section.4.2}% 115
\BOOKMARK [2][-]{subsection.4.2.4}{\376\377\000P\000r\000i\000n\000c\000i\000p\000a\000u\000x\000\040\000D\000i\000f\000f\000\351\000r\000e\000n\000c\000i\000a\000t\000e\000u\000r\000s}{section.4.2}% 116
\BOOKMARK [2][-]{subsection.4.2.5}{\376\377\000P\000r\000i\000n\000c\000i\000p\000e\000s\000\040\000d\000e\000\040\000l\000a\000\040\000V\000o\000i\000x\000\040\000d\000e\000\040\000l\000a\000\040\000M\000a\000r\000q\000u\000e}{section.4.2}% 117
\BOOKMARK [1][-]{section.4.3}{\376\377\000S\000y\000s\000t\000\350\000m\000e\000\040\000d\000'\000I\000d\000e\000n\000t\000i\000t\000\351\000\040\000V\000i\000s\000u\000e\000l\000l\000e\000\040\040\023\000\040\000V\000o\000i\000c\000e\000N\000o\000t\000i\000o\000n}{chapter.4}% 118
\BOOKMARK [2][-]{subsection.4.3.1}{\376\377\000S\000u\000g\000g\000e\000s\000t\000i\000o\000n\000\040\000d\000e\000\040\000C\000o\000u\000l\000e\000u\000r\000\040\000d\000'\000A\000c\000c\000e\000n\000t\000u\000a\000t\000i\000o\000n}{section.4.3}% 119
\BOOKMARK [3][-]{subsubsection.4.3.1.1}{\376\377\000I\000n\000d\000i\000g\000o\000\040\000D\000o\000u\000x\000\040\000\050\000\043\0005\000C\0006\000A\000C\0004\000\051}{subsection.4.3.1}% 120
\BOOKMARK [3][-]{subsubsection.4.3.1.2}{\376\377\000A\000l\000t\000e\000r\000n\000a\000t\000i\000v\000e\000s\000\040\000\050\000d\000a\000n\000s\000\040\000l\000a\000\040\000m\000\352\000m\000e\000\040\000a\000m\000b\000i\000a\000n\000c\000e\000\051}{subsection.4.3.1}% 121
\BOOKMARK [2][-]{subsection.4.3.2}{\376\377\000S\000u\000g\000g\000e\000s\000t\000i\000o\000n\000s\000\040\000d\000e\000\040\000P\000o\000l\000i\000c\000e\000s}{section.4.3}% 122
\BOOKMARK [2][-]{subsection.4.3.3}{\376\377\000\311\000l\000\351\000m\000e\000n\000t\000s\000\040\000V\000i\000s\000u\000e\000l\000s\000\040\000e\000t\000\040\000S\000t\000y\000l\000e}{section.4.3}% 123
\BOOKMARK [3][-]{subsubsection.4.3.3.1}{\376\377\000I\000c\000o\000n\000o\000g\000r\000a\000p\000h\000i\000e}{subsection.4.3.3}% 124
\BOOKMARK [3][-]{subsubsection.4.3.3.2}{\376\377\000F\000o\000r\000m\000e\000s}{subsection.4.3.3}% 125
\BOOKMARK [3][-]{subsubsection.4.3.3.3}{\376\377\000I\000m\000a\000g\000e\000r\000i\000e\000\040\000e\000t\000\040\000I\000l\000l\000u\000s\000t\000r\000a\000t\000i\000o\000n\000s}{subsection.4.3.3}% 126
\BOOKMARK [3][-]{subsubsection.4.3.3.4}{\376\377\000T\000h\000\350\000m\000e\000s}{subsection.4.3.3}% 127
\BOOKMARK [2][-]{subsection.4.3.4}{\376\377\000R\000\351\000s\000u\000m\000\351\000\040\000d\000u\000\040\000S\000y\000s\000t\000\350\000m\000e\000\040\000V\000i\000s\000u\000e\000l}{section.4.3}% 128
\BOOKMARK [0][-]{chapter*.50}{\376\377\000I\000N\000T\000R\000O\000D\000U\000C\000T\000I\000O\000N}{}% 129
\BOOKMARK [0][-]{chapter.5}{\376\377\000E\000T\000U\000D\000E\000\040\000P\000R\000E\000A\000L\000A\000B\000L\000E}{}% 130
\BOOKMARK [1][-]{section.5.1}{\376\377\000I\000n\000t\000r\000o\000d\000u\000c\000t\000i\000o\000n}{chapter.5}% 131
\BOOKMARK [1][-]{section.5.2}{\376\377\000P\000r\000o\000b\000l\000\351\000m\000a\000t\000i\000q\000u\000e\000s}{chapter.5}% 132
\BOOKMARK [1][-]{section.5.3}{\376\377\000S\000o\000l\000u\000t\000i\000o\000n\000\040\000e\000t\000\040\000o\000b\000j\000e\000c\000t\000i\000f}{chapter.5}% 133
\BOOKMARK [1][-]{section.5.4}{\376\377\000A\000v\000a\000n\000t\000a\000g\000e\000s\000\040\000d\000u\000\040\000p\000r\000o\000j\000e\000t}{chapter.5}% 134
\BOOKMARK [1][-]{section.5.5}{\376\377\000C\000o\000n\000c\000l\000u\000s\000i\000o\000n}{chapter.5}% 135
\BOOKMARK [0][-]{chapter.6}{\376\377\000P\000L\000A\000N\000I\000F\000I\000C\000A\000T\000I\000O\000N\000\040\000E\000T\000\040\000C\000O\000N\000C\000E\000P\000T\000I\000O\000N\000\040\000U\000X}{}% 136
\BOOKMARK [1][-]{section.6.1}{\376\377\000I\000n\000t\000r\000o\000d\000u\000c\000t\000i\000o\000n}{chapter.6}% 137
\BOOKMARK [1][-]{section.6.2}{\376\377\000P\000l\000a\000n\000i\000f\000i\000c\000a\000t\000i\000o\000n\000\040\000d\000u\000\040\000p\000r\000o\000j\000e\000t}{chapter.6}% 138
\BOOKMARK [2][-]{subsection.6.2.1}{\376\377\000M\000\351\000t\000h\000o\000d\000o\000l\000o\000g\000i\000e\000\040\000d\000e\000\040\000p\000l\000a\000n\000i\000f\000i\000c\000a\000t\000i\000o\000n}{section.6.2}% 139
\BOOKMARK [2][-]{subsection.6.2.2}{\376\377\000P\000l\000a\000n\000i\000f\000i\000c\000a\000t\000i\000o\000n}{section.6.2}% 140
\BOOKMARK [1][-]{section.6.3}{\376\377\000E\000x\000p\000\351\000r\000i\000e\000n\000c\000e\000\040\000d\000'\000u\000t\000i\000l\000i\000s\000a\000t\000e\000u\000r\000\040\000\050\000U\000X\000\051}{chapter.6}% 141
\BOOKMARK [2][-]{subsection.6.3.1}{\376\377\000R\000e\000c\000h\000e\000r\000c\000h\000e}{section.6.3}% 142
\BOOKMARK [2][-]{subsection.6.3.2}{\376\377\000E\000m\000p\000a\000t\000h\000i\000e}{section.6.3}% 143
\BOOKMARK [3][-]{subsubsection.6.3.2.1}{\376\377\000P\000e\000r\000s\000o\000n\000a\000s\000\040\000u\000t\000i\000l\000i\000s\000a\000t\000e\000u\000r}{subsection.6.3.2}% 144
\BOOKMARK [3][-]{subsubsection.6.3.2.2}{\376\377\000S\000c\000\351\000n\000a\000r\000i\000o\000s\000\040\000d\000'\000u\000t\000i\000l\000i\000s\000a\000t\000i\000o\000n\000s}{subsection.6.3.2}% 145
\BOOKMARK [1][-]{section.6.4}{\376\377\000C\000o\000n\000c\000e\000p\000t\000i\000o\000n\000\040\000d\000u\000\040\000s\000y\000s\000t\000\350\000m\000e\000\040\000d\000'\000i\000n\000f\000o\000r\000m\000a\000t\000i\000o\000n}{chapter.6}% 146
\BOOKMARK [2][-]{subsection.6.4.1}{\376\377\000I\000d\000e\000n\000t\000i\000f\000i\000c\000a\000t\000i\000o\000n\000\040\000d\000e\000s\000\040\000a\000c\000t\000e\000u\000r\000s}{section.6.4}% 147
\BOOKMARK [2][-]{subsection.6.4.2}{\376\377\000D\000i\000a\000g\000r\000a\000m\000m\000e\000\040\000d\000e\000\040\000c\000a\000s\000\040\000d\000'\000u\000t\000i\000l\000i\000s\000a\000t\000i\000o\000n}{section.6.4}% 148
\BOOKMARK [2][-]{subsection.6.4.3}{\376\377\000D\000i\000a\000g\000r\000a\000m\000m\000e\000s\000\040\000d\000e\000\040\000s\000\351\000q\000u\000e\000n\000c\000e}{section.6.4}% 149
\BOOKMARK [2][-]{subsection.6.4.4}{\376\377\000D\000i\000a\000g\000r\000a\000m\000m\000e\000s\000\040\000d\000e\000\040\000b\000a\000s\000e\000\040\000d\000e\000\040\000d\000o\000n\000n\000\351\000e\000s}{section.6.4}% 150
\BOOKMARK [3][-]{subsubsection.6.4.4.1}{\376\377\000D\000i\000a\000g\000r\000a\000m\000m\000e\000\040\000e\000n\000t\000i\000t\000\351\000-\000r\000e\000l\000a\000t\000i\000o\000n}{subsection.6.4.4}% 151
\BOOKMARK [3][-]{subsubsection.6.4.4.2}{\376\377\000D\000i\000a\000g\000r\000a\000m\000m\000e\000\040\000d\000e\000\040\000b\000a\000s\000e\000\040\000d\000e\000\040\000d\000o\000n\000n\000\351\000e\000s}{subsection.6.4.4}% 152
\BOOKMARK [1][-]{section.6.5}{\376\377\000C\000o\000n\000c\000l\000u\000s\000i\000o\000n}{chapter.6}% 153
\BOOKMARK [0][-]{chapter.7}{\376\377\000I\000M\000P\000L\000E\000M\000E\000N\000T\000A\000T\000I\000O\000N\000\040\000E\000T\000\040\000D\000E\000V\000E\000L\000O\000P\000P\000E\000M\000E\000N\000T}{}% 154
\BOOKMARK [1][-]{section.7.1}{\376\377\000I\000n\000t\000r\000o\000d\000u\000c\000t\000i\000o\000n}{chapter.7}% 155
\BOOKMARK [1][-]{section.7.2}{\376\377\000A\000r\000c\000h\000i\000t\000e\000c\000t\000u\000r\000e}{chapter.7}% 156
\BOOKMARK [1][-]{section.7.3}{\376\377\000E\000n\000v\000i\000r\000o\000n\000n\000e\000m\000e\000n\000t}{chapter.7}% 157
\BOOKMARK [2][-]{subsection.7.3.1}{\376\377\000M\000a\000t\000\351\000r\000i\000e\000l\000\040\000\050\000h\000a\000r\000d\000w\000a\000r\000e\000\051}{section.7.3}% 158
\BOOKMARK [2][-]{subsection.7.3.2}{\376\377\000L\000o\000g\000i\000c\000i\000e\000l\000\040\000\050\000s\000o\000f\000t\000w\000a\000r\000e\000\051}{section.7.3}% 159
\BOOKMARK [1][-]{section.7.4}{\376\377\000A\000P\000I\000\040\000\050\000B\000a\000c\000k\000-\000e\000n\000d\000\040\000s\000e\000r\000v\000e\000r\000\051}{chapter.7}% 160
\BOOKMARK [2][-]{subsection.7.4.1}{\376\377\000T\000e\000c\000h\000n\000o\000l\000o\000g\000i\000e\000s\000\040\000e\000t\000\040\000o\000u\000t\000i\000l\000s\000\040\000u\000t\000i\000l\000i\000s\000\351\000s\000\040\000\050\000s\000u\000r\000\040\000B\000a\000c\000k\000-\000e\000n\000d\000\051}{section.7.4}% 161
\BOOKMARK [3][-]{subsubsection.7.4.1.1}{\376\377\000N\000o\000d\000e\000.\000j\000s}{subsection.7.4.1}% 162
\BOOKMARK [3][-]{subsubsection.7.4.1.2}{\376\377\000E\000x\000p\000r\000e\000s\000s\000.\000j\000s}{subsection.7.4.1}% 163
\BOOKMARK [3][-]{subsubsection.7.4.1.3}{\376\377\000T\000y\000p\000e\000S\000c\000r\000i\000p\000t}{subsection.7.4.1}% 164
\BOOKMARK [3][-]{subsubsection.7.4.1.4}{\376\377\000S\000u\000p\000a\000b\000a\000s\000e}{subsection.7.4.1}% 165
\BOOKMARK [3][-]{subsubsection.7.4.1.5}{\376\377\000F\000i\000r\000e\000b\000a\000s\000e}{subsection.7.4.1}% 166
\BOOKMARK [3][-]{subsubsection.7.4.1.6}{\376\377\000D\000o\000c\000k\000e\000r}{subsection.7.4.1}% 167
\BOOKMARK [3][-]{subsubsection.7.4.1.7}{\376\377\000P\000o\000s\000t\000g\000r\000e\000S\000Q\000L}{subsection.7.4.1}% 168
\BOOKMARK [2][-]{subsection.7.4.2}{\376\377\000D\000\351\000p\000l\000o\000i\000e\000m\000e\000n\000t}{section.7.4}% 169
\BOOKMARK [3][-]{subsubsection.7.4.2.1}{\376\377\000D\000i\000g\000i\000t\000a\000l\000\040\000O\000c\000e\000a\000n}{subsection.7.4.2}% 170
\BOOKMARK [3][-]{subsubsection.7.4.2.2}{\376\377\000N\000g\000i\000n\000x}{subsection.7.4.2}% 171
\BOOKMARK [3][-]{subsubsection.7.4.2.3}{\376\377\000C\000I\000/\000C\000D\000\040\000P\000i\000p\000e\000l\000i\000n\000e}{subsection.7.4.2}% 172
\BOOKMARK [1][-]{section.7.5}{\376\377\000S\000i\000t\000e\000\040\000w\000e\000b\000\040\000\050\000F\000r\000o\000n\000t\000-\000e\000n\000d\000\051}{chapter.7}% 173
\BOOKMARK [2][-]{subsection.7.5.1}{\376\377\000T\000e\000c\000h\000n\000o\000l\000o\000g\000i\000e\000s\000\040\000e\000t\000\040\000o\000u\000t\000i\000l\000s\000\040\000u\000t\000i\000l\000i\000s\000\351\000s\000\040\000\050\000F\000r\000o\000n\000t\000-\000e\000n\000d\000\051}{section.7.5}% 174
\BOOKMARK [3][-]{subsubsection.7.5.1.1}{\376\377\000R\000e\000a\000c\000t\000.\000j\000s}{subsection.7.5.1}% 175
\BOOKMARK [3][-]{subsubsection.7.5.1.2}{\376\377\000N\000e\000x\000t\000.\000j\000s}{subsection.7.5.1}% 176
\BOOKMARK [3][-]{subsubsection.7.5.1.3}{\376\377\000T\000a\000i\000l\000w\000i\000n\000d\000C\000S\000S}{subsection.7.5.1}% 177
\BOOKMARK [3][-]{subsubsection.7.5.1.4}{\376\377\000B\000l\000o\000c\000k\000N\000o\000t\000e\000.\000j\000s}{subsection.7.5.1}% 178
\BOOKMARK [2][-]{subsection.7.5.2}{\376\377\000L\000'\000i\000n\000t\000e\000r\000f\000a\000c\000e\000\040\000u\000t\000i\000l\000i\000s\000a\000t\000e\000u\000r\000\040\000d\000u\000\040\000s\000i\000t\000e}{section.7.5}% 179
\BOOKMARK [3][-]{subsubsection.7.5.2.1}{\376\377\000L\000a\000n\000d\000i\000n\000g\000\040\000p\000a\000g\000e}{subsection.7.5.2}% 180
\BOOKMARK [3][-]{subsubsection.7.5.2.2}{\376\377\000C\000o\000n\000n\000e\000x\000i\000o\000n}{subsection.7.5.2}% 181
\BOOKMARK [3][-]{subsubsection.7.5.2.3}{\376\377\000I\000n\000s\000c\000r\000i\000p\000t\000i\000o\000n}{subsection.7.5.2}% 182
\BOOKMARK [3][-]{subsubsection.7.5.2.4}{\376\377\000D\000a\000s\000h\000b\000o\000a\000r\000d}{subsection.7.5.2}% 183
\BOOKMARK [3][-]{subsubsection.7.5.2.5}{\376\377\000N\000o\000t\000e\000\040\000E\000d\000i\000t\000o\000r}{subsection.7.5.2}% 184
\BOOKMARK [3][-]{subsubsection.7.5.2.6}{\376\377\000V\000o\000i\000c\000e\000\040\000C\000o\000m\000m\000a\000n\000d\000\040\000P\000a\000n\000e\000l}{subsection.7.5.2}% 185
\BOOKMARK [3][-]{subsubsection.7.5.2.7}{\376\377\000S\000e\000t\000t\000i\000n\000g\000s}{subsection.7.5.2}% 186
\BOOKMARK [3][-]{subsubsection.7.5.2.8}{\376\377\000S\000e\000a\000r\000c\000h}{subsection.7.5.2}% 187
\BOOKMARK [1][-]{section.7.6}{\376\377\000A\000p\000p\000l\000i\000c\000a\000t\000i\000o\000n\000\040\000m\000o\000b\000i\000l\000e}{chapter.7}% 188
\BOOKMARK [2][-]{subsection.7.6.1}{\376\377\000T\000e\000c\000h\000n\000o\000l\000o\000g\000i\000e\000s\000\040\000e\000t\000\040\000o\000u\000t\000i\000l\000s\000\040\000u\000t\000i\000l\000i\000s\000\351\000s\000\040\000\050\000a\000p\000p\000\040\000m\000o\000b\000i\000l\000e\000\051}{section.7.6}% 189
\BOOKMARK [3][-]{subsubsection.7.6.1.1}{\376\377\000E\000x\000p\000o}{subsection.7.6.1}% 190
\BOOKMARK [3][-]{subsubsection.7.6.1.2}{\376\377\000R\000e\000a\000c\000t\000\040\000N\000a\000t\000i\000v\000e}{subsection.7.6.1}% 191
\BOOKMARK [3][-]{subsubsection.7.6.1.3}{\376\377\000E\000x\000p\000o\000\040\000D\000O\000M\000\040\000C\000o\000m\000p\000o\000n\000e\000n\000t\000s}{subsection.7.6.1}% 192
\BOOKMARK [2][-]{subsection.7.6.2}{\376\377\000L\000'\000i\000n\000t\000e\000r\000f\000a\000c\000e\000\040\000u\000t\000i\000l\000i\000s\000a\000t\000e\000u\000r\000\040\000d\000'\000a\000p\000p\000l\000i\000c\000a\000t\000i\000o\000n\000\040\000m\000o\000b\000i\000l\000e}{section.7.6}% 193
\BOOKMARK [3][-]{subsubsection.7.6.2.1}{\376\377\000W\000e\000l\000c\000o\000m\000e\000\040\000p\000a\000g\000e}{subsection.7.6.2}% 194
\BOOKMARK [3][-]{subsubsection.7.6.2.2}{\376\377\000C\000o\000n\000n\000e\000x\000i\000o\000n}{subsection.7.6.2}% 195
\BOOKMARK [3][-]{subsubsection.7.6.2.3}{\376\377\000I\000n\000s\000c\000r\000i\000p\000t\000i\000o\000n}{subsection.7.6.2}% 196
\BOOKMARK [3][-]{subsubsection.7.6.2.4}{\376\377\000A\000c\000c\000u\000e\000i\000l\000\040\000e\000t\000\040\000m\000e\000n\000u}{subsection.7.6.2}% 197
\BOOKMARK [3][-]{subsubsection.7.6.2.5}{\376\377\000N\000o\000t\000e\000\040\000E\000d\000i\000t\000o\000r}{subsection.7.6.2}% 198
\BOOKMARK [3][-]{subsubsection.7.6.2.6}{\376\377\000V\000o\000i\000c\000e\000\040\000I\000n\000p\000u\000t\000\040\000B\000u\000t\000t\000o\000n}{subsection.7.6.2}% 199
\BOOKMARK [3][-]{subsubsection.7.6.2.7}{\376\377\000R\000e\000c\000h\000e\000r\000c\000h\000e}{subsection.7.6.2}% 200
\BOOKMARK [3][-]{subsubsection.7.6.2.8}{\376\377\000P\000r\000o\000f\000i\000l}{subsection.7.6.2}% 201
\BOOKMARK [3][-]{subsubsection.7.6.2.9}{\376\377\000R\000e\000n\000d\000e\000z\000-\000v\000o\000u\000s}{subsection.7.6.2}% 202
\BOOKMARK [1][-]{section.7.7}{\376\377\000I\000n\000t\000\351\000g\000r\000a\000t\000i\000o\000n\000\040\000d\000e\000\040\000l\000a\000\040\000r\000e\000c\000o\000n\000n\000a\000i\000s\000s\000a\000n\000c\000e\000\040\000v\000o\000c\000a\000l\000e}{chapter.7}% 203
\BOOKMARK [2][-]{subsection.7.7.1}{\376\377\000G\000e\000m\000i\000n\000i\000\040\000A\000P\000I}{section.7.7}% 204
\BOOKMARK [2][-]{subsection.7.7.2}{\376\377\000C\000o\000n\000v\000e\000r\000s\000i\000o\000n\000\040\000S\000p\000e\000e\000c\000h\000-\000t\000o\000-\000T\000e\000x\000t}{section.7.7}% 205
\BOOKMARK [2][-]{subsection.7.7.3}{\376\377\000A\000n\000a\000l\000y\000s\000e\000\040\000d\000'\000i\000n\000t\000e\000n\000t\000i\000o\000n\000\040\000\050\000I\000n\000t\000e\000n\000t\000\040\000P\000a\000r\000s\000i\000n\000g\000\051}{section.7.7}% 206
\BOOKMARK [2][-]{subsection.7.7.4}{\376\377\000A\000c\000t\000i\000o\000n\000s\000\040\000E\000d\000i\000t\000o\000r}{section.7.7}% 207
\BOOKMARK [1][-]{section.7.8}{\376\377\000C\000o\000n\000c\000l\000u\000s\000i\000o\000n}{chapter.7}% 208
\BOOKMARK [0][-]{chapter.8}{\376\377\000V\000O\000I\000C\000E\000N\000O\000T\000I\000O\000N\000\040\040\023\000\040\000I\000D\000E\000N\000T\000I\000T\000E\000\040\000V\000I\000S\000U\000E\000L\000L\000E}{}% 209
\BOOKMARK [1][-]{section.8.1}{\376\377\000I\000n\000t\000r\000o\000d\000u\000c\000t\000i\000o\000n}{chapter.8}% 210
\BOOKMARK [1][-]{section.8.2}{\376\377\000L\000o\000g\000o}{chapter.8}% 211
\BOOKMARK [2][-]{subsection.8.2.1}{\376\377\000L\000e\000\040\000c\000h\000o\000i\000x\000\040\000d\000u\000\040\000n\000o\000m}{section.8.2}% 212
\BOOKMARK [2][-]{subsection.8.2.2}{\376\377\000L\000e\000\040\000c\000h\000o\000i\000x\000\040\000d\000u\000\040\000l\000o\000g\000o}{section.8.2}% 213
\BOOKMARK [2][-]{subsection.8.2.3}{\376\377\000L\000a\000\040\000m\000\351\000t\000h\000o\000d\000e\000\040\000d\000e\000\040\000c\000o\000n\000c\000e\000p\000t\000i\000o\000n}{section.8.2}% 214
\BOOKMARK [1][-]{section.8.3}{\376\377\000L\000a\000\040\000t\000y\000p\000o\000g\000r\000a\000p\000h\000i\000e}{chapter.8}% 215
\BOOKMARK [2][-]{subsection.8.3.1}{\376\377\000P\000o\000l\000i\000c\000e\000s\000\040\000l\000a\000t\000i\000n\000e\000s}{section.8.3}% 216
\BOOKMARK [3][-]{subsubsection.8.3.1.1}{\376\377\000I\000n\000t\000e\000r\000\040\000f\000o\000n\000t}{subsection.8.3.1}% 217
\BOOKMARK [3][-]{subsubsection.8.3.1.2}{\376\377\000O\000u\000t\000f\000i\000t\000\040\000f\000o\000n\000t}{subsection.8.3.1}% 218
\BOOKMARK [2][-]{subsection.8.3.2}{\376\377\000P\000o\000l\000i\000c\000e\000\040\000A\000r\000a\000b\000e}{section.8.3}% 219
\BOOKMARK [3][-]{subsubsection.8.3.2.1}{\376\377\000N\000o\000t\000o\000\040\000S\000a\000n\000s\000\040\000A\000r\000a\000b\000i\000c}{subsection.8.3.2}% 220
\BOOKMARK [1][-]{section.8.4}{\376\377\000P\000a\000l\000e\000t\000t\000e\000\040\000d\000e\000\040\000c\000o\000u\000l\000e\000u\000r\000s}{chapter.8}% 221
\BOOKMARK [2][-]{subsection.8.4.1}{\376\377\000B\000l\000e\000u\000\040\000p\000r\000i\000m\000a\000i\000r\000e}{section.8.4}% 222
\BOOKMARK [2][-]{subsection.8.4.2}{\376\377\000G\000r\000i\000s\000\040\000n\000e\000u\000t\000r\000e}{section.8.4}% 223
\BOOKMARK [2][-]{subsection.8.4.3}{\376\377\000A\000c\000c\000e\000n\000t\000\040\000c\000o\000l\000o\000r\000s}{section.8.4}% 224
\BOOKMARK [1][-]{section.8.5}{\376\377\000D\000e\000s\000i\000g\000n\000\040\000S\000y\000s\000t\000e\000m}{chapter.8}% 225
\BOOKMARK [2][-]{subsection.8.5.1}{\376\377\000C\000o\000n\000c\000e\000p\000t\000i\000o\000n}{section.8.5}% 226
\BOOKMARK [2][-]{subsection.8.5.2}{\376\377\000C\000o\000m\000p\000o\000n\000e\000n\000t\000s}{section.8.5}% 227
\BOOKMARK [3][-]{subsubsection.8.5.2.1}{\376\377\000B\000u\000t\000t\000o\000n\000s}{subsection.8.5.2}% 228
\BOOKMARK [3][-]{subsubsection.8.5.2.2}{\376\377\000I\000n\000p\000u\000t\000\040\000f\000i\000e\000l\000d\000s}{subsection.8.5.2}% 229
\BOOKMARK [3][-]{subsubsection.8.5.2.3}{\376\377\000C\000a\000r\000d\000s}{subsection.8.5.2}% 230
\BOOKMARK [1][-]{section.8.6}{\376\377\000M\000o\000c\000k\000u\000p\000s}{chapter.8}% 231
\BOOKMARK [2][-]{subsection.8.6.1}{\376\377\000M\000o\000b\000i\000l\000e\000\040\000a\000p\000p}{section.8.6}% 232
\BOOKMARK [3][-]{subsubsection.8.6.1.1}{\376\377\000L\000i\000g\000h\000t\000\040\000t\000h\000e\000m\000e}{subsection.8.6.1}% 233
\BOOKMARK [3][-]{subsubsection.8.6.1.2}{\376\377\000D\000a\000r\000k\000\040\000t\000h\000e\000m\000e}{subsection.8.6.1}% 234
\BOOKMARK [2][-]{subsection.8.6.2}{\376\377\000W\000e\000b\000\040\000a\000p\000p}{section.8.6}% 235
\BOOKMARK [3][-]{subsubsection.8.6.2.1}{\376\377\000L\000i\000g\000h\000t\000\040\000t\000h\000e\000m\000e}{subsection.8.6.2}% 236
\BOOKMARK [3][-]{subsubsection.8.6.2.2}{\376\377\000D\000a\000r\000k\000\040\000t\000h\000e\000m\000e}{subsection.8.6.2}% 237
\BOOKMARK [1][-]{section.8.7}{\376\377\000V\000i\000d\000e\000o\000\040\000a\000n\000i\000m\000a\000t\000i\000o\000n}{chapter.8}% 238
\BOOKMARK [2][-]{subsection.8.7.1}{\376\377\000S\000c\000\350\000n\000e\000s\000\040\000d\000e\000\040\000v\000i\000d\000\351\000o}{section.8.7}% 239
\BOOKMARK [3][-]{subsubsection.8.7.1.1}{\376\377\000P\000r\000\351\000s\000e\000n\000t\000a\000t\000i\000o\000n\000\040\000d\000u\000\040\000p\000r\000o\000b\000l\000\350\000m\000e}{subsection.8.7.1}% 240
\BOOKMARK [3][-]{subsubsection.8.7.1.2}{\376\377\000P\000r\000\351\000s\000e\000n\000t\000a\000t\000i\000o\000n\000\040\000d\000e\000\040\000l\000a\000\040\000s\000o\000l\000u\000t\000i\000o\000n}{subsection.8.7.1}% 241
\BOOKMARK [3][-]{subsubsection.8.7.1.3}{\376\377\000D\000e\000s\000c\000r\000i\000p\000t\000i\000o\000n\000\040\000d\000u\000\040\000p\000r\000o\000c\000e\000s\000s\000u\000s}{subsection.8.7.1}% 242
\BOOKMARK [3][-]{subsubsection.8.7.1.4}{\376\377\000R\000\351\000s\000u\000l\000t\000a\000t}{subsection.8.7.1}% 243
\BOOKMARK [1][-]{section.8.8}{\376\377\000C\000o\000n\000c\000l\000u\000s\000i\000o\000n}{chapter.8}% 244
\BOOKMARK [0][-]{chapter*.51}{\376\377\000C\000O\000N\000C\000L\000U\000S\000I\000O\000N}{}% 245
\BOOKMARK [0][-]{appendix.A}{\376\377\000R\000E\000F\000E\000R\000E\000N\000C\000E\000S}{}% 246
\BOOKMARK [0][-]{appendix.B}{\376\377\000G\000L\000O\000S\000S\000A\000R\000Y}{}% 247
\BOOKMARK [0][-]{appendix.C}{\376\377\000V\000O\000I\000C\000E\000\040\000C\000O\000M\000M\000A\000N\000D\000\040\000R\000E\000F\000E\000R\000E\000N\000C\000E}{}% 248
